app/build/intermediates/manifest_merge_blame_file/debug/manifest-merger-blame-debug-report.txt
1<?xml version="1.0" encoding="utf-8"?>
2<manifest xmlns:android="http://schemas.android.com/apk/res/android"
3    package="com.android.firebaseauthdemo"
4    android:versionCode="1"
5    android:versionName="1.0" >
6
7    <uses-sdk
8        android:minSdkVersion="21"
8-->src\main\AndroidManifest.xml
9        android:targetSdkVersion="33" />
9-->src\main\AndroidManifest.xml
10
11    <uses-permission android:name="android.permission.INTERNET" />
11-->src\main\AndroidManifest.xml:5:5-66
11-->src\main\AndroidManifest.xml:5:22-64
12
13    <!-- Although the *SdkVersion is captured in gradle build files, this is required for non gradle builds -->
14    <!-- <uses-sdk android:minSdkVersion="14"/> -->
15    <uses-permission android:name="android.permission.ACCESS_NETWORK_STATE" />
15-->[com.google.firebase:firebase-database:19.4.0] AndroidManifest.xml:25:5-79
15-->[com.google.firebase:firebase-database:19.4.0] AndroidManifest.xml:25:22-76
16
17    <application
17-->src\main\AndroidManifest.xml:6:5-23:19
18        android:allowBackup="true"
18-->src\main\AndroidManifest.xml:7:9-35
19        android:appComponentFactory="androidx.core.app.CoreComponentFactory"
19-->[androidx.core:core:1.3.1] AndroidManifest.xml:24:18-86
20        android:debuggable="true"
21        android:icon="@mipmap/ic_launcher"
21-->src\main\AndroidManifest.xml:8:9-43
22        android:label="@string/app_name"
22-->src\main\AndroidManifest.xml:9:9-41
23        android:roundIcon="@mipmap/ic_launcher_round"
23-->src\main\AndroidManifest.xml:10:9-54
24        android:supportsRtl="true"
24-->src\main\AndroidManifest.xml:11:9-35
25        android:testOnly="true"
26        android:theme="@style/AppTheme" >
26-->src\main\AndroidManifest.xml:12:9-40
27        <activity android:name="com.android.DauOutApp.RegistrationActivity" />
27-->src\main\AndroidManifest.xml:13:9-88
27-->src\main\AndroidManifest.xml:13:19-76
28        <activity android:name="com.android.DauOutApp.ProfileActivity" />
28-->src\main\AndroidManifest.xml:14:9-74
28-->src\main\AndroidManifest.xml:14:19-71
29        <activity
29-->src\main\AndroidManifest.xml:15:9-22:20
30            android:name="com.android.DauOutApp.LoginActivity"
30-->src\main\AndroidManifest.xml:15:19-69
31            android:exported="true" >
31-->src\main\AndroidManifest.xml:16:13-36
32            <intent-filter>
32-->src\main\AndroidManifest.xml:17:13-21:29
33                <action android:name="android.intent.action.MAIN" />
33-->src\main\AndroidManifest.xml:18:17-69
33-->src\main\AndroidManifest.xml:18:25-66
34
35                <category android:name="android.intent.category.LAUNCHER" />
35-->src\main\AndroidManifest.xml:20:17-77
35-->src\main\AndroidManifest.xml:20:27-74
36            </intent-filter>
37        </activity>
38
39        <service
39-->[com.google.firebase:firebase-database:19.4.0] AndroidManifest.xml:29:9-35:19
40            android:name="com.google.firebase.components.ComponentDiscoveryService"
40-->[com.google.firebase:firebase-database:19.4.0] AndroidManifest.xml:30:13-84
41            android:directBootAware="true"
41-->[com.google.firebase:firebase-common:19.3.1] AndroidManifest.xml:35:13-43
42            android:exported="false" >
42-->[com.google.firebase:firebase-database:19.4.0] AndroidManifest.xml:31:13-37
43            <meta-data
43-->[com.google.firebase:firebase-database:19.4.0] AndroidManifest.xml:32:13-34:85
44                android:name="com.google.firebase.components:com.google.firebase.database.DatabaseRegistrar"
44-->[com.google.firebase:firebase-database:19.4.0] AndroidManifest.xml:33:17-109
45                android:value="com.google.firebase.components.ComponentRegistrar" />
45-->[com.google.firebase:firebase-database:19.4.0] AndroidManifest.xml:34:17-82
46            <meta-data
46-->[com.google.firebase:firebase-auth:19.4.0] AndroidManifest.xml:36:13-38:85
47                android:name="com.google.firebase.components:com.google.firebase.auth.FirebaseAuthRegistrar"
47-->[com.google.firebase:firebase-auth:19.4.0] AndroidManifest.xml:37:17-109
48                android:value="com.google.firebase.components.ComponentRegistrar" />
48-->[com.google.firebase:firebase-auth:19.4.0] AndroidManifest.xml:38:17-82
49        </service>
50
51        <activity
51-->[com.google.firebase:firebase-auth:19.4.0] AndroidManifest.xml:24:9-31:50
52            android:name="com.google.firebase.auth.internal.FederatedSignInActivity"
52-->[com.google.firebase:firebase-auth:19.4.0] AndroidManifest.xml:25:13-85
53            android:excludeFromRecents="true"
53-->[com.google.firebase:firebase-auth:19.4.0] AndroidManifest.xml:26:13-46
54            android:exported="true"
54-->[com.google.firebase:firebase-auth:19.4.0] AndroidManifest.xml:27:13-36
55            android:launchMode="singleTask"
55-->[com.google.firebase:firebase-auth:19.4.0] AndroidManifest.xml:28:13-44
56            android:permission="com.google.firebase.auth.api.gms.permission.LAUNCH_FEDERATED_SIGN_IN"
56-->[com.google.firebase:firebase-auth:19.4.0] AndroidManifest.xml:29:13-102
57            android:theme="@android:style/Theme.Translucent.NoTitleBar" />
57-->[com.google.firebase:firebase-auth:19.4.0] AndroidManifest.xml:30:13-72
58        <activity
58-->[com.google.android.gms:play-services-base:17.1.0] AndroidManifest.xml:23:9-26:75
59            android:name="com.google.android.gms.common.api.GoogleApiActivity"
59-->[com.google.android.gms:play-services-base:17.1.0] AndroidManifest.xml:24:13-79
60            android:exported="false"
60-->[com.google.android.gms:play-services-base:17.1.0] AndroidManifest.xml:25:13-37
61            android:theme="@android:style/Theme.Translucent.NoTitleBar" />
61-->[com.google.android.gms:play-services-base:17.1.0] AndroidManifest.xml:26:13-72
62
63        <provider
63-->[com.google.firebase:firebase-common:19.3.1] AndroidManifest.xml:26:9-31:39
64            android:name="com.google.firebase.provider.FirebaseInitProvider"
64-->[com.google.firebase:firebase-common:19.3.1] AndroidManifest.xml:27:13-77
65            android:authorities="com.android.firebaseauthdemo.firebaseinitprovider"
65-->[com.google.firebase:firebase-common:19.3.1] AndroidManifest.xml:28:13-72
66            android:directBootAware="true"
66-->[com.google.firebase:firebase-common:19.3.1] AndroidManifest.xml:29:13-43
67            android:exported="false"
67-->[com.google.firebase:firebase-common:19.3.1] AndroidManifest.xml:30:13-37
68            android:initOrder="100" />
68-->[com.google.firebase:firebase-common:19.3.1] AndroidManifest.xml:31:13-36
69
70        <meta-data
70-->[com.google.android.gms:play-services-basement:17.0.0] AndroidManifest.xml:23:9-25:69
71            android:name="com.google.android.gms.version"
71-->[com.google.android.gms:play-services-basement:17.0.0] AndroidManifest.xml:24:13-58
72            android:value="@integer/google_play_services_version" />
72-->[com.google.android.gms:play-services-basement:17.0.0] AndroidManifest.xml:25:13-66
73
74        <provider
74-->[androidx.lifecycle:lifecycle-process:2.2.0] AndroidManifest.xml:25:9-29:43
75            android:name="androidx.lifecycle.ProcessLifecycleOwnerInitializer"
75-->[androidx.lifecycle:lifecycle-process:2.2.0] AndroidManifest.xml:26:13-79
76            android:authorities="com.android.firebaseauthdemo.lifecycle-process"
76-->[androidx.lifecycle:lifecycle-process:2.2.0] AndroidManifest.xml:27:13-69
77            android:exported="false"
77-->[androidx.lifecycle:lifecycle-process:2.2.0] AndroidManifest.xml:28:13-37
78            android:multiprocess="true" />
78-->[androidx.lifecycle:lifecycle-process:2.2.0] AndroidManifest.xml:29:13-40
79    </application>
80
81</manifest>